# JRE version: OpenJDK Runtime Environment (11.0.13) (build 11.0.13+0-b1751.21-8125866)
# Java VM: OpenJDK 64-Bit Server VM (11.0.13+0-b1751.21-8125866, mixed mode, tiered, compressed oops, g1 gc, windows-amd64)
Heap:
 garbage-first heap   total 430080K, used 210104K [0x0000000080000000, 0x0000000100000000)
  region size 1024K, 24 young (24576K), 3 survivors (3072K)
 Metaspace       used 127299K, capacity 130768K, committed 130932K, reserved 1163264K
  class space    used 15592K, capacity 16806K, committed 16888K, reserved 1048576K
GC Heap History (20 events):
Event: 111.170 GC heap before
{Heap before GC invocations=46 (full 0):
 garbage-first heap   total 273408K, used 216648K [0x0000000080000000, 0x0000000100000000)
  region size 1024K, 62 young (63488K), 8 survivors (8192K)
 Metaspace       used 115794K, capacity 118805K, committed 128116K, reserved 1161216K
  class space    used 14308K, capacity 15395K, committed 16632K, reserved 1048576K
}
Event: 111.492 GC heap after
{Heap after GC invocations=47 (full 0):
 garbage-first heap   total 273408K, used 174241K [0x0000000080000000, 0x0000000100000000)
  region size 1024K, 8 young (8192K), 8 survivors (8192K)
 Metaspace       used 115794K, capacity 118805K, committed 128116K, reserved 1161216K
  class space    used 14308K, capacity 15395K, committed 16632K, reserved 1048576K
}
Event: 111.653 GC heap before
{Heap before GC invocations=47 (full 0):
 garbage-first heap   total 273408K, used 178337K [0x0000000080000000, 0x0000000100000000)
  region size 1024K, 13 young (13312K), 8 survivors (8192K)
 Metaspace       used 116146K, capacity 119149K, committed 128116K, reserved 1161216K
  class space    used 14364K, capacity 15446K, committed 16632K, reserved 1048576K
}
Event: 112.105 GC heap after
{Heap after GC invocations=48 (full 0):
 garbage-first heap   total 273408K, used 165579K [0x0000000080000000, 0x0000000100000000)
  region size 1024K, 2 young (2048K), 2 survivors (2048K)
 Metaspace       used 116146K, capacity 119149K, committed 128116K, reserved 1161216K
  class space    used 14364K, capacity 15446K, committed 16632K, reserved 1048576K
}
Event: 113.922 GC heap before
{Heap before GC invocations=48 (full 0):
 garbage-first heap   total 273408K, used 193227K [0x0000000080000000, 0x0000000100000000)
  region size 1024K, 30 young (30720K), 2 survivors (2048K)
 Metaspace       used 117175K, capacity 120206K, committed 128116K, reserved 1161216K
  class space    used 14443K, capacity 15524K, committed 16632K, reserved 1048576K
}
Event: 113.947 GC heap after
{Heap after GC invocations=49 (full 0):
 garbage-first heap   total 273408K, used 167851K [0x0000000080000000, 0x0000000100000000)
  region size 1024K, 4 young (4096K), 4 survivors (4096K)
 Metaspace       used 117175K, capacity 120206K, committed 128116K, reserved 1161216K
  class space    used 14443K, capacity 15524K, committed 16632K, reserved 1048576K
}
Event: 114.881 GC heap before
{Heap before GC invocations=49 (full 0):
 garbage-first heap   total 273408K, used 197547K [0x0000000080000000, 0x0000000100000000)
  region size 1024K, 35 young (35840K), 4 survivors (4096K)
 Metaspace       used 117188K, capacity 120213K, committed 128116K, reserved 1161216K
  class space    used 14445K, capacity 15525K, committed 16632K, reserved 1048576K
}
Event: 114.932 GC heap after
{Heap after GC invocations=50 (full 0):
 garbage-first heap   total 273408K, used 168265K [0x0000000080000000, 0x0000000100000000)
  region size 1024K, 3 young (3072K), 3 survivors (3072K)
 Metaspace       used 117188K, capacity 120213K, committed 128116K, reserved 1161216K
  class space    used 14445K, capacity 15525K, committed 16632K, reserved 1048576K
}
Event: 115.813 GC heap before
{Heap before GC invocations=51 (full 0):
 garbage-first heap   total 273408K, used 205129K [0x0000000080000000, 0x0000000100000000)
  region size 1024K, 40 young (40960K), 3 survivors (3072K)
 Metaspace       used 117199K, capacity 120215K, committed 128116K, reserved 1161216K
  class space    used 14445K, capacity 15525K, committed 16632K, reserved 1048576K
}
Event: 115.832 GC heap after
{Heap after GC invocations=52 (full 0):
 garbage-first heap   total 273408K, used 170057K [0x0000000080000000, 0x0000000100000000)
  region size 1024K, 5 young (5120K), 5 survivors (5120K)
 Metaspace       used 117199K, capacity 120215K, committed 128116K, reserved 1161216K
  class space    used 14445K, capacity 15525K, committed 16632K, reserved 1048576K
}
Event: 115.957 GC heap before
{Heap before GC invocations=52 (full 0):
 garbage-first heap   total 273408K, used 178249K [0x0000000080000000, 0x0000000100000000)
  region size 1024K, 13 young (13312K), 5 survivors (5120K)
 Metaspace       used 117270K, capacity 120346K, committed 128116K, reserved 1161216K
  class space    used 14451K, capacity 15526K, committed 16632K, reserved 1048576K
}
Event: 116.039 GC heap after
{Heap after GC invocations=53 (full 0):
 garbage-first heap   total 273408K, used 164373K [0x0000000080000000, 0x0000000100000000)
  region size 1024K, 1 young (1024K), 1 survivors (1024K)
 Metaspace       used 117270K, capacity 120346K, committed 128116K, reserved 1161216K
  class space    used 14451K, capacity 15526K, committed 16632K, reserved 1048576K
}
Event: 116.165 GC heap before
{Heap before GC invocations=53 (full 0):
 garbage-first heap   total 273408K, used 175637K [0x0000000080000000, 0x0000000100000000)
  region size 1024K, 13 young (13312K), 1 survivors (1024K)
 Metaspace       used 117279K, capacity 120346K, committed 128116K, reserved 1161216K
  class space    used 14451K, capacity 15526K, committed 16632K, reserved 1048576K
}
Event: 116.211 GC heap after
{Heap after GC invocations=54 (full 0):
 garbage-first heap   total 430080K, used 163196K [0x0000000080000000, 0x0000000100000000)
  region size 1024K, 2 young (2048K), 2 survivors (2048K)
 Metaspace       used 117279K, capacity 120346K, committed 128116K, reserved 1161216K
  class space    used 14451K, capacity 15526K, committed 16632K, reserved 1048576K
}
Event: 120.445 GC heap before
{Heap before GC invocations=54 (full 0):
 garbage-first heap   total 430080K, used 229756K [0x0000000080000000, 0x0000000100000000)
  region size 1024K, 68 young (69632K), 2 survivors (2048K)
 Metaspace       used 117867K, capacity 120857K, committed 128116K, reserved 1161216K
  class space    used 14491K, capacity 15564K, committed 16632K, reserved 1048576K
}
Event: 120.946 GC heap after
{Heap after GC invocations=55 (full 0):
 garbage-first heap   total 430080K, used 170802K [0x0000000080000000, 0x0000000100000000)
  region size 1024K, 9 young (9216K), 9 survivors (9216K)
 Metaspace       used 117867K, capacity 120857K, committed 128116K, reserved 1161216K
  class space    used 14491K, capacity 15564K, committed 16632K, reserved 1048576K
}
Event: 134.315 GC heap before
{Heap before GC invocations=55 (full 0):
 garbage-first heap   total 430080K, used 241458K [0x0000000080000000, 0x0000000100000000)
  region size 1024K, 75 young (76800K), 9 survivors (9216K)
 Metaspace       used 121895K, capacity 125064K, committed 128116K, reserved 1161216K
  class space    used 14917K, capacity 16032K, committed 16632K, reserved 1048576K
}
Event: 134.794 GC heap after
{Heap after GC invocations=56 (full 0):
 garbage-first heap   total 430080K, used 186019K [0x0000000080000000, 0x0000000100000000)
  region size 1024K, 10 young (10240K), 10 survivors (10240K)
 Metaspace       used 121895K, capacity 125064K, committed 128116K, reserved 1161216K
  class space    used 14917K, capacity 16032K, committed 16632K, reserved 1048576K
}
Event: 138.276 GC heap before
{Heap before GC invocations=56 (full 0):
 garbage-first heap   total 430080K, used 220835K [0x0000000080000000, 0x0000000100000000)
  region size 1024K, 45 young (46080K), 10 survivors (10240K)
 Metaspace       used 126059K, capacity 129399K, committed 129652K, reserved 1163264K
  class space    used 15420K, capacity 16582K, committed 16632K, reserved 1048576K
}
Event: 138.645 GC heap after
{Heap after GC invocations=57 (full 0):
 garbage-first heap   total 430080K, used 189624K [0x0000000080000000, 0x0000000100000000)
  region size 1024K, 3 young (3072K), 3 survivors (3072K)
 Metaspace       used 126059K, capacity 129399K, committed 129652K, reserved 1163264K
  class space    used 15420K, capacity 16582K, committed 16632K, reserved 1048576K
}

